<?xml version="1.0" encoding="UTF-8"?>
<!-- Generated by org.testng.reporters.JUnitReportReporter -->
<testsuite hostname="VR" failures="0" tests="1" name="testCase.TC005_AddtoCartItem" time="2.812" errors="0" timestamp="2024-12-01T21:36:52 IST" skipped="0">
  <testcase classname="testCase.TC005_AddtoCartItem" name="VerifyAddtoCart" time="2.812"/>
</testsuite> <!-- testCase.TC005_AddtoCartItem -->
