<?xml version="1.0" encoding="UTF-8"?>
<!-- Generated by org.testng.reporters.JUnitReportReporter -->
<testsuite hostname="VR" failures="0" tests="1" name="testCase.TC004_SearchItem" time="2.758" errors="0" timestamp="2024-11-29T22:00:13 IST" skipped="0">
  <testcase classname="testCase.TC004_SearchItem" name="VerifysearchIsWorking" time="2.758"/>
</testsuite> <!-- testCase.TC004_SearchItem -->
