<?xml version="1.0" encoding="UTF-8"?>
<!-- Generated by org.testng.reporters.JUnitReportReporter -->
<testsuite hostname="VR" failures="0" tests="1" name="testCase.TC001_AccountRegistration" time="6.576" errors="0" timestamp="2024-11-29T22:00:13 IST" skipped="0">
  <testcase classname="testCase.TC001_AccountRegistration" name="name" time="6.576"/>
</testsuite> <!-- testCase.TC001_AccountRegistration -->
