<?xml version="1.0" encoding="UTF-8"?>
<!-- Generated by org.testng.reporters.JUnitReportReporter -->
<testsuite hostname="VR" failures="0" tests="1" name="testCase.TC006_EndToEnd" time="19.576" errors="0" timestamp="2024-11-29T22:32:26 IST" skipped="0">
  <testcase classname="testCase.TC006_EndToEnd" name="VerifyEndToEnd" time="19.576"/>
</testsuite> <!-- testCase.TC006_EndToEnd -->
