<?xml version="1.0" encoding="UTF-8"?>
<!-- Generated by org.testng.reporters.JUnitReportReporter -->
<testsuite hostname="VR" failures="0" tests="1" name="testCase.TC002_LoginTest" time="5.185" errors="0" timestamp="2024-12-01T18:53:27 IST" skipped="0">
  <testcase classname="testCase.TC002_LoginTest" name="VerifyLogin" time="5.185"/>
</testsuite> <!-- testCase.TC002_LoginTest -->
